Arguments: 
  /usr/local/bin/node /usr/local/Cellar/yarn/1.17.0/libexec/bin/yarn.js test

PATH: 
  /Users/anxo/go/bin:/Users/anxo/.yarn/bin:/Users/anxo/apps/redis/redis-3.0.7/bin:“/Users/anxo/.node/bin”:/Library/Frameworks/Python.framework/Versions/3.4/bin:/Users/anxo/.node/bin:/Users/anxo/go/bin:/Users/anxo/.yarn/bin:/Users/anxo/apps/redis/redis-3.0.7/bin:“/Users/anxo/.node/bin”:/Library/Frameworks/Python.framework/Versions/3.4/bin:/Users/anxo/.node/bin:/Users/anxo/.cargo/bin:/Library/Frameworks/Python.framework/Versions/3.6/bin:/Library/Frameworks/Python.framework/Versions/3.5/bin:/usr/local/bin:/usr/bin:/bin:/usr/sbin:/sbin:/Library/TeX/texbin:/Users/anxo/go/bin:/Users/anxo/.yarn/bin:/Users/anxo/apps/redis/redis-3.0.7/bin:“/Users/anxo/.node/bin”:/Library/Frameworks/Python.framework/Versions/3.4/bin:/Users/anxo/.node/bin:/Users/anxo/.sdkman/candidates/java/current/bin:/Users/anxo/.sdkman/candidates/gradle/current/bin:/Users/anxo/.sdkman/candidates/ant/current/bin:/Users/anxo/.cargo/bin:/Library/Frameworks/Python.framework/Versions/3.6/bin:/Library/Frameworks/Python.framework/Versions/3.5/bin:/Users/anxo/.bin-anxo:/Library/PostgreSQL/11/bin:/Library/Java/JavaVirtualMachines/jdk1.8.0_25.jdk/Contents/Home/bin:/Applications/XAMPP/xamppfiles:/Applications/XAMPP/xamppfiles/bin:/Users/anxo/apps/maven/apache-maven-3.2.3/bin:/Users/anxo/apps/ant/apache-ant-1.9.4/bin:/Users/anxo/apps/jmeter/apache-jmeter-3.0/bin:/Users/anxo/apps/scala/scala-sdk/bin:/Users/anxo/.bin-anxo:/Library/PostgreSQL/11/bin:/Library/Java/JavaVirtualMachines/jdk1.8.0_25.jdk/Contents/Home/bin:/Applications/XAMPP/xamppfiles:/Applications/XAMPP/xamppfiles/bin:/Users/anxo/apps/maven/apache-maven-3.2.3/bin:/Users/anxo/apps/ant/apache-ant-1.9.4/bin:/bin:/bin:/Users/anxo/apps/jmeter/apache-jmeter-3.0/bin:/Users/anxo/apps/scala/scala-sdk/bin:/Users/anxo/.node/bin:/Users/anxo/.bin-anxo:/Library/PostgreSQL/11/bin:/Library/Java/JavaVirtualMachines/jdk1.8.0_25.jdk/Contents/Home/bin:/Applications/XAMPP/xamppfiles:/Applications/XAMPP/xamppfiles/bin:/Users/anxo/apps/maven/apache-maven-3.2.3/bin:/Users/anxo/apps/ant/apache-ant-1.9.4/bin:/bin:/bin:/Users/anxo/apps/jmeter/apache-jmeter-3.0/bin:/Users/anxo/apps/scala/scala-sdk/bin:/Users/anxo/.node/bin

Yarn version: 
  1.17.0

Node version: 
  10.15.1

Platform: 
  darwin x64

Trace: 
  SyntaxError: /Users/anxo/code/gnosis/dex-react/package.json: Unexpected token ; in JSON at position 581
      at JSON.parse (<anonymous>)
      at /usr/local/Cellar/yarn/1.17.0/libexec/lib/cli.js:1625:59
      at Generator.next (<anonymous>)
      at step (/usr/local/Cellar/yarn/1.17.0/libexec/lib/cli.js:304:30)
      at /usr/local/Cellar/yarn/1.17.0/libexec/lib/cli.js:315:13

npm manifest: 
  {
    "name": "dex-react",
    "version": "0.0.1",
    "description": "",
    "main": "src/index.js",
    "scripts": {
      "start": "NODE_ENV=development webpack-dashboard -- webpack-dev-server --mode development --hot",
      "build": "rimraf ./dist && NODE_ENV=production webpack --mode production",
      "eslint": "eslint . --ext .ts,.tsx,.js",
      "eslint-fix": "eslint --fix . --ext .ts,.tsx,.js",
      "stats": "NODE_ENV=production webpack --mode production --env.stats --profile --json > stats.json && webpack-bundle-analyzer ./stats.json ./dist",
      "test": "echo Testing... && echo OK";
    },
    "author": "",
    "dependencies": {
      "@hot-loader/react-dom": "^16.8.6",
      "react": "^16.8.6",
      "react-dom": "^16.8.6",
      "react-hot-loader": "^4.12.10",
      "react-router-dom": "^5.0.1",
      "styled-components": "^4.3.2",
      "web3": "^2.0.0-alpha"
    },
    "devDependencies": {
      "@babel/core": "^7.5.5",
      "@babel/plugin-proposal-class-properties": "^7.5.5",
      "@babel/plugin-syntax-dynamic-import": "^7.2.0",
      "@babel/plugin-transform-runtime": "^7.5.5",
      "@babel/preset-env": "^7.5.5",
      "@babel/preset-react": "^7.0.0",
      "@babel/register": "^7.5.5",
      "@types/react": "^16.8.23",
      "@types/react-dom": "^16.8.5",
      "@types/react-router": "^5.0.3",
      "@types/react-router-dom": "^4.3.4",
      "@types/styled-components": "^4.1.18",
      "@types/web3": "^1.0.19",
      "@typescript-eslint/eslint-plugin": "^1.13.0",
      "@typescript-eslint/parser": "^1.13.0",
      "babel-loader": "^8.0.6",
      "babel-plugin-styled-components": "^1.10.6",
      "eslint": "^6.1.0",
      "eslint-config-prettier": "^6.0.0",
      "eslint-plugin-import": "^2.18.2",
      "eslint-plugin-jest": "^22.14.0",
      "eslint-plugin-prettier": "^3.1.0",
      "eslint-plugin-react": "^7.14.3",
      "fork-ts-checker-webpack-plugin": "^1.4.3",
      "html-webpack-plugin": "^4.0.0-beta.8",
      "jest": "^24.8.0",
      "prettier": "^1.18.2",
      "react-dev-utils": "^9.0.1",
      "rimraf": "^2.6.3",
      "ts-loader": "^6.0.4",
      "typescript": "^3.5.3",
      "webpack": "^4.38.0",
      "webpack-bundle-analyzer": "^3.4.1",
      "webpack-cli": "^3.3.6",
      "webpack-dashboard": "^3.0.7",
      "webpack-dev-server": "^3.7.2"
    }
  }

yarn manifest: 
  No manifest

Lockfile: 
  No lockfile
